<?xml version="1.0" encoding="UTF-8"?>
<testng-results ignored="0" total="1" passed="1" failed="0" skipped="0">
  <reporter-output>
    <line>
      <![CDATA[Launching browser ]]>
    </line>
    <line>
      <![CDATA[Opening browser..]]>
    </line>
    <line>
      <![CDATA[Clicking on gender button ]]>
    </line>
    <line>
      <![CDATA[Clicking on next button ]]>
    </line>
    <line>
      <![CDATA[Handling age drop down ]]>
    </line>
    <line>
      <![CDATA[Reading data from ExcelSheet]]>
    </line>
    <line>
      <![CDATA[Clicking on next button ]]>
    </line>
    <line>
      <![CDATA[Entering pin code ]]>
    </line>
    <line>
      <![CDATA[Reading data from ExcelSheet]]>
    </line>
    <line>
      <![CDATA[Entering mobile number ]]>
    </line>
    <line>
      <![CDATA[Reading data from ExcelSheet]]>
    </line>
    <line>
      <![CDATA[Clicking on continue button ]]>
    </line>
    <line>
      <![CDATA[Fetching number of results from text ]]>
    </line>
    <line>
      <![CDATA[Fetching number of results from Banners ]]>
    </line>
    <line>
      <![CDATA[TC is passed ]]>
    </line>
    <line>
      <![CDATA[Taking screenshot]]>
    </line>
    <line>
      <![CDATA[Saved screenshot at C:\Users\lenovo\Desktop\images\coverFoxCF_TC555_2024.01.16.23.41.16.png]]>
    </line>
    <line>
      <![CDATA[Closing browser ]]>
    </line>
  </reporter-output>
  <suite started-at="2024-01-16T23:40:24 IST" name="Default suite" finished-at="2024-01-16T23:41:24 IST" duration-ms="60296">
    <groups>
    </groups>
    <test started-at="2024-01-16T23:40:24 IST" name="Default test" finished-at="2024-01-16T23:41:24 IST" duration-ms="60296">
      <class name="coverFoxTest.CF_TC555_Validate_search_results_for_healthcare_policies">
        <test-method is-config="true" signature="launchBrowser()[pri:0, instance:coverFoxTest.CF_TC555_Validate_search_results_for_healthcare_policies@75d4a5c2]" started-at="2024-01-16T23:40:24 IST" name="launchBrowser" finished-at="2024-01-16T23:40:41 IST" duration-ms="16712" status="PASS">
          <reporter-output>
            <line>
              <![CDATA[Launching browser ]]>
            </line>
            <line>
              <![CDATA[Opening browser..]]>
            </line>
          </reporter-output>
        </test-method> <!-- launchBrowser -->
        <test-method is-config="true" signature="enterMemberDetails()[pri:0, instance:coverFoxTest.CF_TC555_Validate_search_results_for_healthcare_policies@75d4a5c2]" started-at="2024-01-16T23:40:41 IST" name="enterMemberDetails" finished-at="2024-01-16T23:41:02 IST" duration-ms="20912" status="PASS">
          <reporter-output>
            <line>
              <![CDATA[Clicking on gender button ]]>
            </line>
            <line>
              <![CDATA[Clicking on next button ]]>
            </line>
            <line>
              <![CDATA[Handling age drop down ]]>
            </line>
            <line>
              <![CDATA[Reading data from ExcelSheet]]>
            </line>
            <line>
              <![CDATA[Clicking on next button ]]>
            </line>
            <line>
              <![CDATA[Entering pin code ]]>
            </line>
            <line>
              <![CDATA[Reading data from ExcelSheet]]>
            </line>
            <line>
              <![CDATA[Entering mobile number ]]>
            </line>
            <line>
              <![CDATA[Reading data from ExcelSheet]]>
            </line>
            <line>
              <![CDATA[Clicking on continue button ]]>
            </line>
          </reporter-output>
        </test-method> <!-- enterMemberDetails -->
        <test-method signature="validateTestPlansFromTextAndBanners()[pri:0, instance:coverFoxTest.CF_TC555_Validate_search_results_for_healthcare_policies@75d4a5c2]" started-at="2024-01-16T23:41:02 IST" name="validateTestPlansFromTextAndBanners" finished-at="2024-01-16T23:41:17 IST" duration-ms="14758" status="PASS">
          <reporter-output>
            <line>
              <![CDATA[Fetching number of results from text ]]>
            </line>
            <line>
              <![CDATA[Fetching number of results from Banners ]]>
            </line>
            <line>
              <![CDATA[TC is passed ]]>
            </line>
            <line>
              <![CDATA[Taking screenshot]]>
            </line>
            <line>
              <![CDATA[Saved screenshot at C:\Users\lenovo\Desktop\images\coverFoxCF_TC555_2024.01.16.23.41.16.png]]>
            </line>
          </reporter-output>
        </test-method> <!-- validateTestPlansFromTextAndBanners -->
        <test-method is-config="true" signature="closeBrowser()[pri:0, instance:coverFoxTest.CF_TC555_Validate_search_results_for_healthcare_policies@75d4a5c2]" started-at="2024-01-16T23:41:17 IST" name="closeBrowser" finished-at="2024-01-16T23:41:24 IST" duration-ms="7816" status="PASS">
          <reporter-output>
            <line>
              <![CDATA[Closing browser ]]>
            </line>
          </reporter-output>
        </test-method> <!-- closeBrowser -->
      </class> <!-- coverFoxTest.CF_TC555_Validate_search_results_for_healthcare_policies -->
    </test> <!-- Default test -->
  </suite> <!-- Default suite -->
</testng-results>
